<?xml version="1.0" encoding="UTF-8"?>
<!-- Generated by org.testng.reporters.JUnitXMLReporter -->
<testsuite ignored="3" hostname="Jagdamba" failures="1" tests="8" name="Test1(failed)(failed)" time="24.995" errors="0" timestamp="2023-03-28T12:59:48 IST">
  <testcase classname="testPackage.TestNinja" name="firstname" time="12.184">
    <failure type="org.openqa.selenium.NoSuchElementException" message="no such element: Unable to locate element: {&amp;quot;method&amp;quot;:&amp;quot;xpath&amp;quot;,&amp;quot;selector&amp;quot;:&amp;quot;//input[@name=&amp;apos;firstname&amp;apos;]&amp;quot;}
  (Session info: chrome=111.0.5563.111)
For documentation on this error, please visit: https://selenium.dev/exceptions/#no_such_element
Build info: version: &amp;apos;4.7.0&amp;apos;, revision: &amp;apos;0a5b49d16f&amp;apos;
System info: os.name: &amp;apos;Windows 10&amp;apos;, os.arch: &amp;apos;amd64&amp;apos;, os.version: &amp;apos;10.0&amp;apos;, java.version: &amp;apos;19.0.2&amp;apos;
Driver info: org.openqa.selenium.chrome.ChromeDriver
Command: [d5d88ead947b103e7dd20801a9a49863, findElement {using=xpath, value=//input[@name=&amp;apos;firstname&amp;apos;]}]
Capabilities {acceptInsecureCerts: false, browserName: chrome, browserVersion: 111.0.5563.111, chrome: {chromedriverVersion: 111.0.5563.64 (c710e93d5b63..., userDataDir: C:\Users\MYWORL~1\AppData\L...}, goog:chromeOptions: {debuggerAddress: localhost:63121}, networkConnectionEnabled: false, pageLoadStrategy: normal, platformName: WINDOWS, proxy: Proxy(), se:cdp: ws://localhost:63121/devtoo..., se:cdpVersion: 111.0.5563.111, setWindowRect: true, strictFileInteractability: false, timeouts: {implicit: 0, pageLoad: 300000, script: 30000}, unhandledPromptBehavior: dismiss and notify, webauthn:extension:credBlob: true, webauthn:extension:largeBlob: true, webauthn:extension:minPinLength: true, webauthn:extension:prf: true, webauthn:virtualAuthenticators: true}
Session ID: d5d88ead947b103e7dd20801a9a49863">
      <![CDATA[org.openqa.selenium.NoSuchElementException: no such element: Unable to locate element: {"method":"xpath","selector":"//input[@name='firstname']"}
  (Session info: chrome=111.0.5563.111)
For documentation on this error, please visit: https://selenium.dev/exceptions/#no_such_element
Build info: version: '4.7.0', revision: '0a5b49d16f'
System info: os.name: 'Windows 10', os.arch: 'amd64', os.version: '10.0', java.version: '19.0.2'
Driver info: org.openqa.selenium.chrome.ChromeDriver
Command: [d5d88ead947b103e7dd20801a9a49863, findElement {using=xpath, value=//input[@name='firstname']}]
Capabilities {acceptInsecureCerts: false, browserName: chrome, browserVersion: 111.0.5563.111, chrome: {chromedriverVersion: 111.0.5563.64 (c710e93d5b63..., userDataDir: C:\Users\MYWORL~1\AppData\L...}, goog:chromeOptions: {debuggerAddress: localhost:63121}, networkConnectionEnabled: false, pageLoadStrategy: normal, platformName: WINDOWS, proxy: Proxy(), se:cdp: ws://localhost:63121/devtoo..., se:cdpVersion: 111.0.5563.111, setWindowRect: true, strictFileInteractability: false, timeouts: {implicit: 0, pageLoad: 300000, script: 30000}, unhandledPromptBehavior: dismiss and notify, webauthn:extension:credBlob: true, webauthn:extension:largeBlob: true, webauthn:extension:minPinLength: true, webauthn:extension:prf: true, webauthn:virtualAuthenticators: true}
Session ID: d5d88ead947b103e7dd20801a9a49863
at org.openqa.selenium.remote.codec.w3c.W3CHttpResponseCodec.createException(W3CHttpResponseCodec.java:200)
at org.openqa.selenium.remote.codec.w3c.W3CHttpResponseCodec.decode(W3CHttpResponseCodec.java:133)
at org.openqa.selenium.remote.codec.w3c.W3CHttpResponseCodec.decode(W3CHttpResponseCodec.java:53)
at org.openqa.selenium.remote.HttpCommandExecutor.execute(HttpCommandExecutor.java:184)
at org.openqa.selenium.remote.service.DriverCommandExecutor.invokeExecute(DriverCommandExecutor.java:167)
at org.openqa.selenium.remote.service.DriverCommandExecutor.execute(DriverCommandExecutor.java:142)
at org.openqa.selenium.remote.RemoteWebDriver.execute(RemoteWebDriver.java:541)
at org.openqa.selenium.remote.ElementLocation$ElementFinder$2.findElement(ElementLocation.java:162)
at org.openqa.selenium.remote.ElementLocation.findElement(ElementLocation.java:60)
at org.openqa.selenium.remote.RemoteWebDriver.findElement(RemoteWebDriver.java:365)
at org.openqa.selenium.remote.RemoteWebDriver.findElement(RemoteWebDriver.java:357)
at org.openqa.selenium.support.pagefactory.DefaultElementLocator.findElement(DefaultElementLocator.java:70)
at org.openqa.selenium.support.pagefactory.internal.LocatingElementHandler.invoke(LocatingElementHandler.java:39)
at jdk.proxy2/jdk.proxy2.$Proxy21.click(Unknown Source)
at loginPom.TestNinjaPom.enterfirstname(TestNinjaPom.java:75)
at testPackage.TestNinja.firstname(TestNinja.java:60)
at java.base/java.util.ArrayList.forEach(ArrayList.java:1511)
... Removed 28 stack frames]]>
    </failure>
  </testcase> <!-- firstname -->
  <testcase classname="testPackage.TestNinja" name="emailbox" time="0.0">
    <skipped/>
  </testcase> <!-- emailbox -->
  <testcase classname="testPackage.TestNinja" name="verifytelephone" time="0.0">
    <skipped/>
  </testcase> <!-- verifytelephone -->
  <testcase classname="testPackage.TestNinja" name="passverify" time="0.0">
    <skipped/>
  </testcase> <!-- passverify -->
  <testcase classname="testPackage.TestNinja" name="confpass" time="0.0">
    <skipped/>
  </testcase> <!-- confpass -->
  <testcase classname="testPackage.TestNinja" name="checkboxyes" time="0.0">
    <skipped/>
  </testcase> <!-- checkboxyes -->
  <testcase classname="testPackage.TestNinja" name="checkboxno" time="0.0">
    <skipped/>
  </testcase> <!-- checkboxno -->
  <testcase classname="testPackage.TestNinja" name="policybox" time="0.0">
    <skipped/>
  </testcase> <!-- policybox -->
  <testcase classname="testPackage.TestNinja" name="elementweb" time="0.0">
    <ignored/>
  </testcase> <!-- elementweb -->
  <testcase classname="testPackage.TestNinja" name="register" time="0.0">
    <ignored/>
  </testcase> <!-- register -->
  <testcase classname="testPackage.TestNinja" name="checkmyaccount" time="0.0">
    <ignored/>
  </testcase> <!-- checkmyaccount -->
</testsuite> <!-- Test1(failed)(failed) -->
