<?xml version="1.0" encoding="UTF-8"?>
<!-- Generated by org.testng.reporters.JUnitXMLReporter -->
<testsuite ignored="0" hostname="Jagdamba" failures="1" tests="11" name="Test2" time="23.746" errors="0" timestamp="2023-03-11T14:37:41 IST">
  <testcase classname="testPackage.TestNinja" name="checkmyaccount" time="0.523"/>
  <testcase classname="testPackage.TestNinja" name="register" time="2.055"/>
  <testcase classname="testPackage.TestNinja" name="firstname" time="3.087"/>
  <testcase classname="testPackage.TestNinja" name="enterfname" time="0.325"/>
  <testcase classname="testPackage.TestNinja" name="emailbox" time="0.348"/>
  <testcase classname="testPackage.TestNinja" name="verifytelephone" time="0.395"/>
  <testcase classname="testPackage.TestNinja" name="passverify" time="0.322"/>
  <testcase classname="testPackage.TestNinja" name="confpass" time="0.317"/>
  <testcase classname="testPackage.TestNinja" name="checkboxyes" time="0.025">
    <failure type="java.lang.AssertionError" message="The following asserts failed:
	expected [true] but found [false]">
      <![CDATA[java.lang.AssertionError: The following asserts failed:
expected [true] but found [false]
at testPackage.TestNinja.checkboxyes(TestNinja.java:104)
at java.base/java.util.ArrayList.forEach(ArrayList.java:1511)
... Removed 27 stack frames]]>
    </failure>
  </testcase> <!-- checkboxyes -->
  <testcase classname="testPackage.TestNinja" name="checkboxno" time="0.0">
    <skipped/>
  </testcase> <!-- checkboxno -->
  <testcase classname="testPackage.TestNinja" name="policybox" time="0.0">
    <skipped/>
  </testcase> <!-- policybox -->
</testsuite> <!-- Test2 -->
